<?xml version="1.0" encoding="UTF-8"?>
<!-- Generated by org.testng.reporters.JUnitXMLReporter -->
<testsuite ignored="0" hostname="OP-QA-13" failures="0" tests="3" name="Surefire test" time="46.252" errors="0" timestamp="2025-04-24T22:20:21 WEST">
  <testcase classname="com.omni.tests.PurchaiseVariousProducts" name="submitOrderWithStrings" time="15.446"/>
  <testcase classname="com.omni.tests.PurchaiseVariousProducts" name="submitOrderWithStrings" time="14.428"/>
  <testcase classname="com.omni.tests.PurchaiseVariousProducts" name="submitOrderWithStrings" time="15.185"/>
</testsuite> <!-- Surefire test -->
