<?xml version="1.0" encoding="UTF-8"?>
<!-- Generated by org.testng.reporters.JUnitReportReporter -->
<testsuite hostname="OP-QA-13" failures="0" tests="3" name="com.omni.tests.PurchaiseVariousProducts" time="46.189" errors="0" timestamp="2025-04-24T22:20:21 WEST" skipped="0">
  <testcase classname="com.omni.tests.PurchaiseVariousProducts" name="submitOrderWithStrings" time="15.885"/>
  <testcase classname="com.omni.tests.PurchaiseVariousProducts" name="submitOrderWithStrings" time="14.790"/>
  <testcase classname="com.omni.tests.PurchaiseVariousProducts" name="submitOrderWithStrings" time="15.514"/>
</testsuite> <!-- com.omni.tests.PurchaiseVariousProducts -->
